[error] [2024-08-08 11:21:30] : ✖ There is no logged-in account for this project

Try zdk auth:login
Use --help for more information
[info] [2024-08-08 11:21:35] : Visit this URL on this device to log in:
[info] [2024-08-08 11:21:35] : https://accounts.zoho.com/oauth/v2/auth?client_id=1000.LMRA1NN5WIP5WAUPTZ02S3M6QOE9EB&scope=AaaServer.profile.READ%20ZohoCRM.settings.ALL%20ZohoCRM.org.READ%20ZohoCRM.users.ALL%20ZohoCRM.zdk.push.READ%20ZohoCRM.zdk.push.CREATE%20ZohoCRM.zdk.pull.READ%20ZohoCRM.zdk.init.READ%20ZohoCRM.zdk.init.CREATE&response_type=code&access_type=offline&prompt=consent&redirect_uri=http%3A%2F%2Flocalhost%3A9005
[info] [2024-08-08 11:21:35] : 
[info] [2024-08-08 11:21:35] : 
[debug] [2024-08-08 11:21:41] : DCType Of the user is us
[debug] [2024-08-08 11:21:41] : >>>> HTTP REQUEST : POST https://accounts.zoho.com/oauth/v2/token 
<request query param omitted>

[debug] [2024-08-08 11:21:42] : <<<< HTTP RESPONSE : 200
Response Headers{"server":"ZGS","date":"Thu, 08 Aug 2024 05:51:44 GMT","content-type":"application/json;charset=UTF-8","content-length":"461","connection":"close","set-cookie":["zalb_b266a5bf57=9f371135a524e2d1f51eb9f41fa26c60; Path=/","iamcsr=ca8bd2a0-af84-4ac3-b223-687aa7a6373f;path=/;SameSite=None;Secure;priority=high","_zcsr_tmp=ca8bd2a0-af84-4ac3-b223-687aa7a6373f;path=/;SameSite=Strict;Secure;priority=high"],"cache-control":"no-store","x-content-type-options":"nosniff","pragma":"no-cache","x-frame-options":"SAMEORIGIN","content-language":"en-US","strict-transport-security":"max-age=63072000"}

[debug] [2024-08-08 11:21:42] : Fetched tokens successfully
[debug] [2024-08-08 11:21:42] : >>>> HTTP REQUEST : GET https://accounts.zoho.com/oauth/user/info 

[debug] [2024-08-08 11:21:42] : <<<< HTTP RESPONSE : 200
Response Headers{"server":"ZGS","date":"Thu, 08 Aug 2024 05:51:44 GMT","content-type":"application/json;charset=UTF-8","content-length":"127","connection":"close","set-cookie":["zalb_b266a5bf57=a711b6da0e6cbadb5e254290f114a026; Path=/","iamcsr=30128434-3d02-4003-82b8-81b39c7f457d;path=/;SameSite=None;Secure;priority=high","_zcsr_tmp=30128434-3d02-4003-82b8-81b39c7f457d;path=/;SameSite=Strict;Secure;priority=high"],"x-content-type-options":"nosniff","cache-control":"private,no-cache,no-store,max-age=0,must-revalidate","pragma":"no-cache","expires":"Thu, 01 Jan 1970 00:00:00 GMT","x-frame-options":"SAMEORIGIN","content-language":"en-US","strict-transport-security":"max-age=63072000"}

[debug] [2024-08-08 11:21:42] : Fetched user details successfully
[debug] [2024-08-08 11:21:42] : >>>> HTTP REQUEST : GET https://www.zohoapis.com/crm/v6/org 

[debug] [2024-08-08 11:21:44] : <<<< HTTP RESPONSE : 200
Response Headers{"server":"ZGS","date":"Thu, 08 Aug 2024 05:51:46 GMT","content-type":"application/json;charset=UTF-8","content-length":"1025","connection":"close","set-cookie":["zalb_1a99390653=b0b13f252ae2621dcfc8629edb446490; Path=/","crmcsr=141f8124-9407-47ef-9425-43d616340b93;path=/;SameSite=None;Secure;priority=high","_zcsr_tmp=141f8124-9407-47ef-9425-43d616340b93;path=/;SameSite=Strict;Secure;priority=high"],"referrer-policy":"strict-origin","x-content-type-options":"nosniff","content-security-policy":"default-src 'none';frame-ancestors 'self'; report-uri https://logsapi.zoho.com/csplog?service=crm","x-xss-protection":"1; mode=block","cache-control":"no-store, no-cache, must-revalidate, private","pragma":"no-cache","expires":"Thu, 01 Jan 1970 00:00:00 GMT","x-frame-options":"SAMEORIGIN","x-accesstoken-reset":"2024-08-08T12:21:44+05:30","clientversion":"8865422","clientsubversion":"2d6b0d130439b6660b1b7b40bb21298f","content-disposition":"attachment; filename=response.json","vary":"accept-encoding","content-language":"en-US","strict-transport-security":"max-age=63072000"}

[debug] [2024-08-08 11:21:44] : Fetched org details successfully
[debug] [2024-08-08 11:21:44] : >>>> HTTP REQUEST : POST https://accounts.zoho.com/oauth/v2/token/revoke 
<request query param omitted>

[debug] [2024-08-08 11:21:44] : <<<< HTTP RESPONSE : 200
Response Headers{"server":"ZGS","date":"Thu, 08 Aug 2024 05:51:47 GMT","content-length":"20","connection":"close","set-cookie":["zalb_b266a5bf57=9f371135a524e2d1f51eb9f41fa26c60; Path=/","iamcsr=5ab3a2e8-929e-4200-9bca-b53c5e33e7b3;path=/;SameSite=None;Secure;priority=high","_zcsr_tmp=5ab3a2e8-929e-4200-9bca-b53c5e33e7b3;path=/;SameSite=Strict;Secure;priority=high"],"x-content-type-options":"nosniff","x-frame-options":"SAMEORIGIN","content-language":"en-US","strict-transport-security":"max-age=63072000"}

[debug] [2024-08-08 11:21:44] : Revoked token successfully
[info] [2024-08-08 11:21:45] : ✔ Success! Logged in as Ajithkumar
[debug] [2024-08-08 11:21:45] : > refreshing access token <
[debug] [2024-08-08 11:21:45] : >>>> HTTP REQUEST : POST https://accounts.zoho.com/oauth/v2/token 
<request query param omitted>

[debug] [2024-08-08 11:21:45] : <<<< HTTP RESPONSE : 200
Response Headers{"server":"ZGS","date":"Thu, 08 Aug 2024 05:51:47 GMT","content-type":"application/json;charset=UTF-8","content-length":"372","connection":"close","set-cookie":["zalb_b266a5bf57=a7f15cb1555106de5ac96d088b72e7c8; Path=/","iamcsr=f7ab00f3-0ae2-4de2-848c-695092e6f2b5;path=/;SameSite=None;Secure;priority=high","_zcsr_tmp=f7ab00f3-0ae2-4de2-848c-695092e6f2b5;path=/;SameSite=Strict;Secure;priority=high"],"cache-control":"no-store","x-content-type-options":"nosniff","pragma":"no-cache","x-frame-options":"SAMEORIGIN","content-language":"en-US","strict-transport-security":"max-age=63072000"}

[debug] [2024-08-08 11:21:45] : >>>> HTTP REQUEST : GET https://www.zohoapis.com/crm/zdk/v6/init 

[debug] [2024-08-08 11:21:46] : <<<< HTTP RESPONSE : 200
Response Headers{"server":"ZGS","date":"Thu, 08 Aug 2024 05:51:48 GMT","content-type":"application/json;charset=UTF-8","content-length":"22","connection":"close","set-cookie":["zalb_1a99390653=35e41fe618e415420c8410a537eb7e59; Path=/","crmcsr=eaffac01-7b26-45dc-94f8-0587990afaa3;path=/;SameSite=None;Secure;priority=high","_zcsr_tmp=eaffac01-7b26-45dc-94f8-0587990afaa3;path=/;SameSite=Strict;Secure;priority=high"],"referrer-policy":"strict-origin","x-content-type-options":"nosniff","content-security-policy":"default-src 'none';frame-ancestors 'self'; report-uri https://logsapi.zoho.com/csplog?service=crm","x-xss-protection":"1; mode=block","cache-control":"no-store, no-cache, must-revalidate, private","pragma":"no-cache","expires":"Thu, 01 Jan 1970 00:00:00 GMT","x-frame-options":"SAMEORIGIN","x-accesstoken-reset":"2024-08-08T12:21:47+05:30","clientversion":"8865422","clientsubversion":"2d6b0d130439b6660b1b7b40bb21298f","content-disposition":"attachment; filename=response.json","content-language":"en-US","strict-transport-security":"max-age=63072000"}

[debug] [2024-08-08 11:21:46] : Org Already initialized
[info] [2024-08-08 11:22:04] : ✔ Created Meta file 
[info] [2024-08-08 11:22:07] : ✔ status
┌─────────────────────┬─────────────┬───────────────┬─────────────────────────────────────────────────┐
│ Meta_Directory Path │   Action    │ Resource Type │                    File Path                    │
├─────────────────────┼─────────────┼───────────────┼─────────────────────────────────────────────────┤
│ crm                 │ Local Added │ profiles      │ crm/meta/profiles/ZDKProfile.profiles-meta.json │
└─────────────────────┴─────────────┴───────────────┴─────────────────────────────────────────────────┘
[debug] [2024-08-08 11:22:10] : >>>> HTTP REQUEST : POST https://www.zohoapis.com/crm/zdk/v6/pull 

[debug] [2024-08-08 11:22:11] : {"code":"INVALID_DATA","details":{"api_name":"api_name","json_path":"$.resources[0].resources[0].api_name"},"message":"invalid data","status":"error"}

[error] [2024-08-08 11:22:11] : ✖ invalid data
{
    "api_name": "api_name",
    "json_path": "$.resources[0].resources[0].api_name"
}

[debug] [2024-08-08 11:22:39] : >>>> HTTP REQUEST : POST https://www.zohoapis.com/crm/zdk/v6/pull 

[debug] [2024-08-08 11:22:40] : <<<< HTTP RESPONSE : 200
Response Headers{"server":"ZGS","date":"Thu, 08 Aug 2024 05:52:42 GMT","content-type":"application/zip;charset=UTF-8","content-length":"7389","connection":"close","set-cookie":["zalb_1a99390653=e971ac9b8bc0886b07172d4aa3ed0bfb; Path=/","crmcsr=468e702a-3dc8-4397-baf5-06d8ea4687ce;path=/;SameSite=None;Secure;priority=high","_zcsr_tmp=468e702a-3dc8-4397-baf5-06d8ea4687ce;path=/;SameSite=Strict;Secure;priority=high"],"referrer-policy":"strict-origin","x-content-type-options":"nosniff","content-security-policy":"default-src 'none';frame-ancestors 'self'; report-uri https://logsapi.zoho.com/csplog?service=crm","x-xss-protection":"1; mode=block","cache-control":"no-store, no-cache, must-revalidate, private","pragma":"no-cache","expires":"Thu, 01 Jan 1970 00:00:00 GMT","x-frame-options":"SAMEORIGIN","x-accesstoken-reset":"2024-08-08T12:21:47+05:30","clientversion":"8865422","clientsubversion":"2d6b0d130439b6660b1b7b40bb21298f","content-disposition":"attachment;filename=\"response.zip\"","content-language":"en-US","strict-transport-security":"max-age=63072000"}

[debug] [2024-08-08 11:22:40] : >>>> HTTP REQUEST : GET https://www.zohoapis.com/crm/v6/settings/widgets 

[debug] [2024-08-08 11:22:41] : <<<< HTTP RESPONSE : 200
Response Headers{"server":"ZGS","date":"Thu, 08 Aug 2024 05:52:43 GMT","content-type":"application/json;charset=UTF-8","content-length":"3427","connection":"close","set-cookie":["zalb_1a99390653=5e5fe628d7b2d0b8b6ba5ce4ffecdb6a; Path=/","crmcsr=ed2b4e10-0123-442c-bd15-3d5138857847;path=/;SameSite=None;Secure;priority=high","_zcsr_tmp=ed2b4e10-0123-442c-bd15-3d5138857847;path=/;SameSite=Strict;Secure;priority=high"],"referrer-policy":"strict-origin","x-content-type-options":"nosniff","content-security-policy":"default-src 'none';frame-ancestors 'self'; report-uri https://logsapi.zoho.com/csplog?service=crm","x-xss-protection":"1; mode=block","cache-control":"no-store, no-cache, must-revalidate, private","pragma":"no-cache","expires":"Thu, 01 Jan 1970 00:00:00 GMT","x-frame-options":"SAMEORIGIN","x-accesstoken-reset":"2024-08-08T12:21:47+05:30","clientversion":"8865422","clientsubversion":"2d6b0d130439b6660b1b7b40bb21298f","content-disposition":"attachment; filename=response.json","vary":"accept-encoding","content-language":"en-US","strict-transport-security":"max-age=63072000"}

[debug] [2024-08-08 11:22:41] : >>>> HTTP REQUEST : POST https://www.zohoapis.com/crm/zdk/v6/push 

[debug] [2024-08-08 11:22:43] : <<<< HTTP RESPONSE : 201
Response Headers{"server":"ZGS","date":"Thu, 08 Aug 2024 05:52:45 GMT","content-type":"application/json;charset=UTF-8","content-length":"156","connection":"close","set-cookie":["zalb_1a99390653=b9066b943e824462350ddacf813f84e9; Path=/","crmcsr=bbae3064-5532-445d-bdfa-84d8c771b339;path=/;SameSite=None;Secure;priority=high","_zcsr_tmp=bbae3064-5532-445d-bdfa-84d8c771b339;path=/;SameSite=Strict;Secure;priority=high"],"referrer-policy":"strict-origin","x-content-type-options":"nosniff","content-security-policy":"default-src 'none';frame-ancestors 'self'; report-uri https://logsapi.zoho.com/csplog?service=crm","x-xss-protection":"1; mode=block","cache-control":"no-store, no-cache, must-revalidate, private","pragma":"no-cache","expires":"Thu, 01 Jan 1970 00:00:00 GMT","x-frame-options":"SAMEORIGIN","x-accesstoken-reset":"2024-08-08T12:21:47+05:30","clientversion":"8865422","clientsubversion":"2d6b0d130439b6660b1b7b40bb21298f","content-disposition":"attachment; filename=response.json","content-language":"en-US","strict-transport-security":"max-age=63072000"}

[info] [2024-08-08 11:22:43] : ✔ Push Job created!
┌─────────────────────────────────────────────────┬────────┐
│                    File Path                    │ Action │
├─────────────────────────────────────────────────┼────────┤
│ crm/meta/profiles/ZDKProfile.profiles-meta.json │ added  │
└─────────────────────────────────────────────────┴────────┘
Try zdk org:push:result --jobid 5027786000001912001
Use --help for more information
[debug] [2024-08-08 11:22:48] : >>>> HTTP REQUEST : GET https://www.zohoapis.com/crm/zdk/v6/push/5027786000001912001/result 

[debug] [2024-08-08 11:22:49] : <<<< HTTP RESPONSE : 200
Response Headers{"server":"ZGS","date":"Thu, 08 Aug 2024 05:52:51 GMT","content-type":"application/json;charset=UTF-8","content-length":"36","connection":"close","set-cookie":["zalb_1a99390653=a6ea46de4ea8437cf719118464995a88; Path=/","crmcsr=52edba75-eaa8-47d0-9eff-92221b446760;path=/;SameSite=None;Secure;priority=high","_zcsr_tmp=52edba75-eaa8-47d0-9eff-92221b446760;path=/;SameSite=Strict;Secure;priority=high"],"referrer-policy":"strict-origin","x-content-type-options":"nosniff","content-security-policy":"default-src 'none';frame-ancestors 'self'; report-uri https://logsapi.zoho.com/csplog?service=crm","x-xss-protection":"1; mode=block","cache-control":"no-store, no-cache, must-revalidate, private","pragma":"no-cache","expires":"Thu, 01 Jan 1970 00:00:00 GMT","x-frame-options":"SAMEORIGIN","x-accesstoken-reset":"2024-08-08T12:21:47+05:30","clientversion":"8865422","clientsubversion":"2d6b0d130439b6660b1b7b40bb21298f","content-disposition":"attachment; filename=response.json","content-language":"en-US","strict-transport-security":"max-age=63072000"}

[info] [2024-08-08 11:22:49] : ✔ Process in progress
[debug] [2024-08-08 11:22:57] : >>>> HTTP REQUEST : GET https://www.zohoapis.com/crm/zdk/v6/push/5027786000001912001/result 

[debug] [2024-08-08 11:22:57] : <<<< HTTP RESPONSE : 200
Response Headers{"server":"ZGS","date":"Thu, 08 Aug 2024 05:53:00 GMT","content-type":"application/json;charset=UTF-8","content-length":"203","connection":"close","set-cookie":["zalb_1a99390653=e971ac9b8bc0886b07172d4aa3ed0bfb; Path=/","crmcsr=a4f54e27-66bb-4d76-9688-c3e7e9668c54;path=/;SameSite=None;Secure;priority=high","_zcsr_tmp=a4f54e27-66bb-4d76-9688-c3e7e9668c54;path=/;SameSite=Strict;Secure;priority=high"],"referrer-policy":"strict-origin","x-content-type-options":"nosniff","content-security-policy":"default-src 'none';frame-ancestors 'self'; report-uri https://logsapi.zoho.com/csplog?service=crm","x-xss-protection":"1; mode=block","cache-control":"no-store, no-cache, must-revalidate, private","pragma":"no-cache","expires":"Thu, 01 Jan 1970 00:00:00 GMT","x-frame-options":"SAMEORIGIN","x-accesstoken-reset":"2024-08-08T12:21:47+05:30","clientversion":"8865422","clientsubversion":"2d6b0d130439b6660b1b7b40bb21298f","content-disposition":"attachment; filename=response.json","content-language":"en-US","strict-transport-security":"max-age=63072000"}

[debug] [2024-08-08 11:22:57] : >>>> HTTP REQUEST : POST https://www.zohoapis.com/crm/zdk/v6/pull 

[debug] [2024-08-08 11:22:59] : <<<< HTTP RESPONSE : 200
Response Headers{"server":"ZGS","date":"Thu, 08 Aug 2024 05:53:01 GMT","content-type":"application/zip;charset=UTF-8","transfer-encoding":"chunked","connection":"close","set-cookie":["zalb_1a99390653=fa937bf8820a337da6a65156d344d3c2; Path=/","crmcsr=f5cf6513-bba3-4426-b14e-135d4b1fb0f6;path=/;SameSite=None;Secure;priority=high","_zcsr_tmp=f5cf6513-bba3-4426-b14e-135d4b1fb0f6;path=/;SameSite=Strict;Secure;priority=high"],"referrer-policy":"strict-origin","x-content-type-options":"nosniff","content-security-policy":"default-src 'none';frame-ancestors 'self'; report-uri https://logsapi.zoho.com/csplog?service=crm","x-xss-protection":"1; mode=block","cache-control":"no-store, no-cache, must-revalidate, private","pragma":"no-cache","expires":"Thu, 01 Jan 1970 00:00:00 GMT","x-frame-options":"SAMEORIGIN","x-accesstoken-reset":"2024-08-08T12:21:47+05:30","clientversion":"8865422","clientsubversion":"2d6b0d130439b6660b1b7b40bb21298f","content-disposition":"attachment;filename=\"response.zip\"","content-language":"en-US","strict-transport-security":"max-age=63072000"}

[debug] [2024-08-08 11:22:59] : >>>> HTTP REQUEST : GET https://www.zohoapis.com/crm/v6/settings/widgets 

[debug] [2024-08-08 11:23:00] : <<<< HTTP RESPONSE : 200
Response Headers{"server":"ZGS","date":"Thu, 08 Aug 2024 05:53:02 GMT","content-type":"application/json;charset=UTF-8","content-length":"3427","connection":"close","set-cookie":["zalb_1a99390653=b9066b943e824462350ddacf813f84e9; Path=/","crmcsr=4f051d1c-5679-4482-ac73-02288f04816c;path=/;SameSite=None;Secure;priority=high","_zcsr_tmp=4f051d1c-5679-4482-ac73-02288f04816c;path=/;SameSite=Strict;Secure;priority=high"],"referrer-policy":"strict-origin","x-content-type-options":"nosniff","content-security-policy":"default-src 'none';frame-ancestors 'self'; report-uri https://logsapi.zoho.com/csplog?service=crm","x-xss-protection":"1; mode=block","cache-control":"no-store, no-cache, must-revalidate, private","pragma":"no-cache","expires":"Thu, 01 Jan 1970 00:00:00 GMT","x-frame-options":"SAMEORIGIN","x-accesstoken-reset":"2024-08-08T12:21:47+05:30","clientversion":"8865422","clientsubversion":"2d6b0d130439b6660b1b7b40bb21298f","content-disposition":"attachment; filename=response.json","vary":"accept-encoding","content-language":"en-US","strict-transport-security":"max-age=63072000"}

[debug] [2024-08-08 11:23:00] : Empty directory detected and deleted : /Users/ajith-6635/Documents/ZDKTesting/IDC/crm/meta/modules
[debug] [2024-08-08 11:23:00] : Empty directory detected and deleted : /Users/ajith-6635/Documents/ZDKTesting/IDC/crm/meta/roles
[debug] [2024-08-08 11:23:00] : Empty directory detected and deleted : /Users/ajith-6635/Documents/ZDKTesting/IDC/crm/meta/widgets
[debug] [2024-08-08 11:23:00] : Empty directory detected and deleted : /Users/ajith-6635/Documents/ZDKTesting/IDC/crm/widgets
[info] [2024-08-08 11:23:00] : ✔ updated succesfully
[info] [2024-08-08 11:23:00] : ✔ Success Responses
┌──────────────────────────────────────────────────┬─────────────────────────┬─────────────────────────┐
│                    File Path                     │      Resource Type      │         Action          │
├──────────────────────────────────────────────────┼─────────────────────────┼─────────────────────────┤
│ crm/meta/profiles/ZDKProfile.profiles-meta.json  │ profiles                │ added                   │
└──────────────────────────────────────────────────┴─────────────────────────┴─────────────────────────┘
